# configure exec: ./configure 
# On Fri Oct 13 21:05:57 PDT 2017
DBG: ccenv: WITH_CC:  --version failed: mklove/modules/configure.base: line 1114: --version: command not found
DBG: Check ccenv (WITH_CC, action cont (originally cont)) failed: command ' --version' failed:
mklove/modules/configure.base: line 1114: --version: command not found
DBG: cxxenv: WITH_CXX:  --version failed: mklove/modules/configure.base: line 1114: --version: command not found
DBG: Check cxxenv (WITH_CXX, action cont (originally cont)) failed: command ' --version' failed:
mklove/modules/configure.base: line 1114: --version: command not found
DBG: Compile check cc_g_dwarf (): gcc   -Wall -Werror -gstrict-dwarf _mkltmptMReWT.c -o _mkltmptMReWT.c.o  
DBG: install: WITH_INSTALL: install --version failed: install: illegal option -- -
usage: install [-bCcpSsv] [-B suffix] [-f flags] [-g group] [-m mode]
               [-o owner] file1 file2
       install [-bCcpSsv] [-B suffix] [-f flags] [-g group] [-m mode]
               [-o owner] file1 ... fileN directory
       install -d [-v] [-g group] [-m mode] [-o owner] directory ...
DBG: Check install (WITH_INSTALL, action cont (originally cont)) failed: command 'install --version' failed:
install: illegal option -- -
usage: install [-bCcpSsv] [-B suffix] [-f flags] [-g group] [-m mode]
               [-o owner] file1 file2
       install [-bCcpSsv] [-B suffix] [-f flags] [-g group] [-m mode]
               [-o owner] file1 ... fileN directory
       install -d [-v] [-g group] [-m mode] [-o owner] directory ...
DBG: Compile check PIC (HAVE_PIC): gcc  -gstrict-dwarf -O2 -Wall -Werror -fPIC _mkltmpUvQHF7.c -o _mkltmpUvQHF7.c.o  
DBG: Compile check gnulib (WITH_GNULD): gcc  -gstrict-dwarf -O2 -fPIC -Wall -Werror -shared -Wl,-soname,mkltest.0 _mkltmpt2Qvt4.c -o _mkltmpt2Qvt4.c.o  
DBG: compile check for gnulib (WITH_GNULD) failed: gcc  -gstrict-dwarf -O2 -fPIC -Wall -Werror -shared -Wl,-soname,mkltest.0 _mkltmpt2Qvt4.c -o _mkltmpt2Qvt4.c.o  : ld: unknown option: -soname
clang: error: linker command failed with exit code 1 (use -v to see invocation)
DBG: Check gnulib (WITH_GNULD, action cont (originally cont)) failed: compile check failed:
CC: CC
flags: -shared -Wl,-soname,mkltest.0
gcc  -gstrict-dwarf -O2 -fPIC -Wall -Werror -shared -Wl,-soname,mkltest.0 _mkltmpt2Qvt4.c -o _mkltmpt2Qvt4.c.o  :
ld: unknown option: -soname
clang: error: linker command failed with exit code 1 (use -v to see invocation)
source: 
DBG: Compile check osxlib (WITH_OSXLD): gcc  -gstrict-dwarf -O2 -fPIC -Wall -Werror -dynamiclib -Wl,-install_name,/tmp/mkltest.so.0 _mkltmpYF8KO3.c -o _mkltmpYF8KO3.c.o  
DBG: Compile check ldsflagvs (): gcc  -gstrict-dwarf -O2 -fPIC -Wall -Werror -shared -Wl,--version-script=_mkltmp4y9PL3 _mkltmph8eG5F.c -o _mkltmph8eG5F.c.o  
DBG: compile check for ldsflagvs () failed: gcc  -gstrict-dwarf -O2 -fPIC -Wall -Werror -shared -Wl,--version-script=_mkltmp4y9PL3 _mkltmph8eG5F.c -o _mkltmph8eG5F.c.o  : ld: unknown option: --version-script=_mkltmp4y9PL3
clang: error: linker command failed with exit code 1 (use -v to see invocation)
DBG: Check ldsflagvs (, action cont (originally cont)) failed: compile check failed:
CC: CC
flags: -shared -Wl,--version-script=_mkltmp4y9PL3
gcc  -gstrict-dwarf -O2 -fPIC -Wall -Werror -shared -Wl,--version-script=_mkltmp4y9PL3 _mkltmph8eG5F.c -o _mkltmph8eG5F.c.o  :
ld: unknown option: --version-script=_mkltmp4y9PL3
clang: error: linker command failed with exit code 1 (use -v to see invocation)
source: 
DBG: Compile check ldsflagm (): gcc  -gstrict-dwarf -O2 -fPIC -Wall -Werror -shared -Wl,-M_mkltmp4y9PL3 _mkltmpPPPFPB.c -o _mkltmpPPPFPB.c.o  
DBG: compile check for ldsflagm () failed: gcc  -gstrict-dwarf -O2 -fPIC -Wall -Werror -shared -Wl,-M_mkltmp4y9PL3 _mkltmpPPPFPB.c -o _mkltmpPPPFPB.c.o  : ld: unknown option: -M_mkltmp4y9PL3
clang: error: linker command failed with exit code 1 (use -v to see invocation)
DBG: Check ldsflagm (, action ignore (originally ignore)) failed: compile check failed:
CC: CC
flags: -shared -Wl,-M_mkltmp4y9PL3
gcc  -gstrict-dwarf -O2 -fPIC -Wall -Werror -shared -Wl,-M_mkltmp4y9PL3 _mkltmpPPPFPB.c -o _mkltmpPPPFPB.c.o  :
ld: unknown option: -M_mkltmp4y9PL3
clang: error: linker command failed with exit code 1 (use -v to see invocation)
source: 
DBG: Compile check __atomic_32 (HAVE_ATOMICS_32): gcc  -gstrict-dwarf -O2 -fPIC -Wall -Werror  _mkltmpi7gV4Z.c -o _mkltmpi7gV4Z.c.o  
DBG: Compile check __atomic_64 (HAVE_ATOMICS_64): gcc  -gstrict-dwarf -O2 -fPIC -Wall -Werror  _mkltmpP8vXTr.c -o _mkltmpP8vXTr.c.o  
DBG: Compile check socket (): gcc  -gstrict-dwarf -O2 -fPIC -Wall -Wsign-compare -Wfloat-equal -Wpointer-arith -Wcast-align -Wall -Werror  _mkltmpsuJCjl.c -o _mkltmpsuJCjl.c.o  
DBG: pkg-config check libpthread (): pkg-config --short-errors --cflags libpthread
DBG: 'pkg-config --short-errors --cflags libpthread' failed: No package 'libpthread' found
DBG: Check libpthread_PKGCONFIG (, action cont (originally cont)) failed: 'pkg-config --short-errors --cflags libpthread' failed:
No package 'libpthread' found
DBG: Compile check libpthread (): gcc  -gstrict-dwarf -O2 -fPIC -Wall -Wsign-compare -Wfloat-equal -Wpointer-arith -Wcast-align -Wall -Werror -lpthread _mkltmp5kvFv6.c -o _mkltmp5kvFv6.c.o  
DBG: pkg-config check zlib (): pkg-config --short-errors --cflags zlib
DBG: Compile check zlib (WITH_ZLIB): gcc  -gstrict-dwarf -O2 -fPIC -Wall -Wsign-compare -Wfloat-equal -Wpointer-arith -Wcast-align -Wall -Werror -lz _mkltmpsOwDgt.c -o _mkltmpsOwDgt.c.o  
DBG: pkg-config check libcrypto (): pkg-config --short-errors --cflags libcrypto
DBG: Compile check libcrypto (): gcc  -gstrict-dwarf -O2 -fPIC -Wall -Wsign-compare -Wfloat-equal -Wpointer-arith -Wcast-align -Wall -Werror -lcrypto _mkltmpp9Upjs.c -o _mkltmpp9Upjs.c.o  
DBG: compile check for libcrypto () failed: gcc  -gstrict-dwarf -O2 -fPIC -Wall -Wsign-compare -Wfloat-equal -Wpointer-arith -Wcast-align -Wall -Werror -lcrypto _mkltmpp9Upjs.c -o _mkltmpp9Upjs.c.o  : ld: library not found for -lcrypto
clang: error: linker command failed with exit code 1 (use -v to see invocation)
DBG: Check libcrypto (, action disable (originally disable)) failed: compile check failed:
CC: CC
flags: -lcrypto
gcc  -gstrict-dwarf -O2 -fPIC -Wall -Wsign-compare -Wfloat-equal -Wpointer-arith -Wcast-align -Wall -Werror -lcrypto _mkltmpp9Upjs.c -o _mkltmpp9Upjs.c.o  :
ld: library not found for -lcrypto
clang: error: linker command failed with exit code 1 (use -v to see invocation)
source: 
DBG: pkg-config check liblz4 (): pkg-config --short-errors --cflags liblz4
DBG: Compile check liblz4 (WITH_LZ4_EXT): gcc -I/usr/local/Cellar/lz4/1.8.0/include -gstrict-dwarf -O2 -fPIC -Wall -Wsign-compare -Wfloat-equal -Wpointer-arith -Wcast-align -Wall -Werror -llz4 _mkltmpKdQaXK.c -o _mkltmpKdQaXK.c.o  
DBG: compile check for liblz4 (WITH_LZ4_EXT) failed: gcc -I/usr/local/Cellar/lz4/1.8.0/include -gstrict-dwarf -O2 -fPIC -Wall -Wsign-compare -Wfloat-equal -Wpointer-arith -Wcast-align -Wall -Werror -llz4 _mkltmpKdQaXK.c -o _mkltmpKdQaXK.c.o  : ld: library not found for -llz4
clang: error: linker command failed with exit code 1 (use -v to see invocation)
DBG: Check liblz4 (WITH_LZ4_EXT, action disable (originally disable)) failed: compile check failed:
CC: CC
flags: -llz4
gcc -I/usr/local/Cellar/lz4/1.8.0/include -gstrict-dwarf -O2 -fPIC -Wall -Wsign-compare -Wfloat-equal -Wpointer-arith -Wcast-align -Wall -Werror -llz4 _mkltmpKdQaXK.c -o _mkltmpKdQaXK.c.o  :
ld: library not found for -llz4
clang: error: linker command failed with exit code 1 (use -v to see invocation)
source: #include <lz4frame.h>
DBG: pkg-config check libssl (): pkg-config --short-errors --cflags libssl
DBG: Compile check libssl (WITH_SSL): gcc -I/usr/local/Cellar/lz4/1.8.0/include -I/usr/local/Cellar/openssl/1.0.2l/include -gstrict-dwarf -O2 -fPIC -Wall -Wsign-compare -Wfloat-equal -Wpointer-arith -Wcast-align -Wall -Werror -lssl _mkltmp4uqx01.c -o _mkltmp4uqx01.c.o  
DBG: compile check for libssl (WITH_SSL) failed: gcc -I/usr/local/Cellar/lz4/1.8.0/include -I/usr/local/Cellar/openssl/1.0.2l/include -gstrict-dwarf -O2 -fPIC -Wall -Wsign-compare -Wfloat-equal -Wpointer-arith -Wcast-align -Wall -Werror -lssl _mkltmp4uqx01.c -o _mkltmp4uqx01.c.o  : ld: library not found for -lssl
clang: error: linker command failed with exit code 1 (use -v to see invocation)
DBG: Check libssl (WITH_SSL, action disable (originally disable)) failed: compile check failed:
CC: CC
flags: -lssl
gcc -I/usr/local/Cellar/lz4/1.8.0/include -I/usr/local/Cellar/openssl/1.0.2l/include -gstrict-dwarf -O2 -fPIC -Wall -Wsign-compare -Wfloat-equal -Wpointer-arith -Wcast-align -Wall -Werror -lssl _mkltmp4uqx01.c -o _mkltmp4uqx01.c.o  :
ld: library not found for -lssl
clang: error: linker command failed with exit code 1 (use -v to see invocation)
source: #include <openssl/ssl.h>
DBG: pkg-config check libsasl2 (): pkg-config --short-errors --cflags libsasl2
DBG: 'pkg-config --short-errors --cflags libsasl2' failed: No package 'libsasl2' found
DBG: Check libsasl2_PKGCONFIG (, action cont (originally cont)) failed: 'pkg-config --short-errors --cflags libsasl2' failed:
No package 'libsasl2' found
DBG: Compile check libsasl2 (WITH_SASL): gcc -I/usr/local/Cellar/lz4/1.8.0/include -I/usr/local/Cellar/openssl/1.0.2l/include -gstrict-dwarf -O2 -fPIC -Wall -Wsign-compare -Wfloat-equal -Wpointer-arith -Wcast-align -Wall -Werror -lsasl2 _mkltmpn1qgkJ.c -o _mkltmpn1qgkJ.c.o  
DBG: Compile check regex (HAVE_REGEX): gcc -I/usr/local/Cellar/lz4/1.8.0/include -I/usr/local/Cellar/openssl/1.0.2l/include -gstrict-dwarf -O2 -fPIC -Wall -Wsign-compare -Wfloat-equal -Wpointer-arith -Wcast-align -Wall -Werror  _mkltmpSsAT0A.c -o _mkltmpSsAT0A.c.o  
DBG: pkg-config check librt (): pkg-config --short-errors --cflags librt
DBG: 'pkg-config --short-errors --cflags librt' failed: No package 'librt' found
DBG: Check librt_PKGCONFIG (, action cont (originally cont)) failed: 'pkg-config --short-errors --cflags librt' failed:
No package 'librt' found
DBG: Compile check librt (): gcc -I/usr/local/Cellar/lz4/1.8.0/include -I/usr/local/Cellar/openssl/1.0.2l/include -gstrict-dwarf -O2 -fPIC -Wall -Wsign-compare -Wfloat-equal -Wpointer-arith -Wcast-align -Wall -Werror -lrt _mkltmpXzIDtV.c -o _mkltmpXzIDtV.c.o  
DBG: compile check for librt () failed: gcc -I/usr/local/Cellar/lz4/1.8.0/include -I/usr/local/Cellar/openssl/1.0.2l/include -gstrict-dwarf -O2 -fPIC -Wall -Wsign-compare -Wfloat-equal -Wpointer-arith -Wcast-align -Wall -Werror -lrt _mkltmpXzIDtV.c -o _mkltmpXzIDtV.c.o  : ld: library not found for -lrt
clang: error: linker command failed with exit code 1 (use -v to see invocation)
DBG: Check librt (, action cont (originally cont)) failed: compile check failed:
CC: CC
flags: -lrt
gcc -I/usr/local/Cellar/lz4/1.8.0/include -I/usr/local/Cellar/openssl/1.0.2l/include -gstrict-dwarf -O2 -fPIC -Wall -Wsign-compare -Wfloat-equal -Wpointer-arith -Wcast-align -Wall -Werror -lrt _mkltmpXzIDtV.c -o _mkltmpXzIDtV.c.o  :
ld: library not found for -lrt
clang: error: linker command failed with exit code 1 (use -v to see invocation)
source: 
DBG: Compile check strndup (HAVE_STRNDUP): gcc -I/usr/local/Cellar/lz4/1.8.0/include -I/usr/local/Cellar/openssl/1.0.2l/include -gstrict-dwarf -O2 -fPIC -Wall -Wsign-compare -Wfloat-equal -Wpointer-arith -Wcast-align -Wall -Werror  _mkltmpPzlJYZ.c -o _mkltmpPzlJYZ.c.o  
